<?xml version="1.0" encoding="UTF-8"?>
<testng-results ignored="0" total="1" passed="1" failed="0" skipped="0">
  <reporter-output>
  </reporter-output>
  <suite started-at="2024-08-29T19:40:57 IST" name="Surefire suite" finished-at="2024-08-29T19:42:04 IST" duration-ms="66163">
    <groups>
    </groups>
    <test started-at="2024-08-29T19:40:57 IST" name="Surefire test" finished-at="2024-08-29T19:42:04 IST" duration-ms="66163">
      <class name="tests.OrderTest">
        <test-method is-config="true" signature="setup()[pri:0, instance:tests.OrderTest@29f69090]" started-at="2024-08-29T19:40:57 IST" name="setup" finished-at="2024-08-29T19:41:05 IST" duration-ms="7556" status="PASS">
          <reporter-output>
          </reporter-output>
        </test-method> <!-- setup -->
        <test-method signature="placeOrderTest()[pri:0, instance:tests.OrderTest@29f69090]" started-at="2024-08-29T19:41:05 IST" name="placeOrderTest" finished-at="2024-08-29T19:42:02 IST" duration-ms="57200" status="PASS">
          <reporter-output>
          </reporter-output>
        </test-method> <!-- placeOrderTest -->
        <test-method is-config="true" signature="tearDown()[pri:0, instance:tests.OrderTest@29f69090]" started-at="2024-08-29T19:42:02 IST" name="tearDown" finished-at="2024-08-29T19:42:04 IST" duration-ms="1264" status="PASS">
          <reporter-output>
          </reporter-output>
        </test-method> <!-- tearDown -->
      </class> <!-- tests.OrderTest -->
    </test> <!-- Surefire test -->
  </suite> <!-- Surefire suite -->
</testng-results>
